0 info it worked if it ends with ok
1 verbose cli [ 'C:\\Program Files (x86)\\nodejs\\\\node.exe',
1 verbose cli   'C:\\Program Files (x86)\\nodejs\\node_modules\\npm\\bin\\npm-cli.js',
1 verbose cli   'start' ]
2 info using npm@1.4.28
3 info using node@v0.10.36
4 verbose node symlink C:\Program Files (x86)\nodejs\\node.exe
5 verbose run-script [ 'prestart', 'start', 'poststart' ]
6 info prestart empower-portal-aliases@1.0.0
7 info start empower-portal-aliases@1.0.0
8 verbose unsafe-perm in lifecycle true
9 info empower-portal-aliases@1.0.0 Failed to exec start script
10 error empower-portal-aliases@1.0.0 start: `forever start -a -w --minUptime 1000 --spinSleepTime 10000 --uid "empower-portal-aliases" empower-portal-aliases.js`
10 error Exit status 1
11 error Failed at the empower-portal-aliases@1.0.0 start script.
11 error This is most likely a problem with the empower-portal-aliases package,
11 error not with npm itself.
11 error Tell the author that this fails on your system:
11 error     forever start -a -w --minUptime 1000 --spinSleepTime 10000 --uid "empower-portal-aliases" empower-portal-aliases.js
11 error You can get their info via:
11 error     npm owner ls empower-portal-aliases
11 error There is likely additional logging output above.
12 error System Windows_NT 6.2.9200
13 error command "C:\\Program Files (x86)\\nodejs\\\\node.exe" "C:\\Program Files (x86)\\nodejs\\node_modules\\npm\\bin\\npm-cli.js" "start"
14 error cwd C:\Development\6.0Git\empower-ms\services\empower-portal-aliases
15 error node -v v0.10.36
16 error npm -v 1.4.28
17 error code ELIFECYCLE
18 verbose exit [ 1, true ]
